[38;5;112m[Appium][0m Welcome to Appium v2.11.3
[38;5;112m[Appium][0m Non-default server args:
[38;5;112m[Appium][0m { basePath: [32m'/wd/hub'[39m, loglevel: [32m'info'[39m, port: [33m4302[39m }
[38;5;112m[Appium][0m Attempting to load driver uiautomator2...
[38;5;112m[Appium][0m Appium REST http interface listener started on http://0.0.0.0:4302/wd/hub
[38;5;112m[Appium][0m You can provide the following URLs in your client code to connect to this server:
	http://192.168.45.92:4302/wd/hub
	http://127.0.0.1:4302/wd/hub (only accessible from the same host)
[38;5;112m[Appium][0m Available drivers:
[38;5;112m[Appium][0m   - uiautomator2@3.7.9 (automationName 'UiAutomator2')
[38;5;112m[Appium][0m No plugins have been installed. Use the "appium plugin" command to install the one(s) you want to use.
[38;5;86m[HTTP][0m [37m-->[39m [37mGET[39m [37m/wd/hub/status[39m [90m{}[39m
[38;5;86m[HTTP][0m [37m<-- GET /wd/hub/status [39m[32m200[39m [90m12 ms - 111[39m [90m[39m
[38;5;86m[HTTP][0m [37m-->[39m [37mGET[39m [37m/wd/hub/status[39m [90m{}[39m
[38;5;86m[HTTP][0m [37m<-- GET /wd/hub/status [39m[32m200[39m [90m3 ms - 111[39m [90m[39m
[38;5;86m[HTTP][0m [37m-->[39m [37mPOST[39m [37m/wd/hub/session[39m [90m{"desiredCapabilities":{"appium:systemPort":4326,"appium:newCommandTimeout":1800,"appium:automationName":"uiautomator2","appium:fullReset":false,"appium:platformVersion":"14","appium:noReset":true,"appium:udid":"RFCT30MQVQK","appium:autoGrantPermissions":true,"appium:platformName":"ANDROID","appium:deviceName":"samsung SM-G991U1 (Android 14)","platformName":"Android","appium:app":"C:\\Users\\Administrator\\Katalon Studio\\Happy Shopping Testing\\Mobileapp\\HappyDayShopping.apk"},"capabilities":{"firstMatch":[{"appium:app":"C:\\Users\\Administrator\\Katalon Studio\\Happy Shopping Testing\\Mobileapp\\HappyDayShopping.apk","appium:autoGrantPermissions":true,"appium:automationName":"uiautomator2","appium:deviceName":"samsung SM-G991U1 (Android 14)","appium:fullReset":false,"appium:newCommandTimeout":1800,"appium:noReset":true,"appium:platformName":"ANDROID","appium:platformVersion":"14","appium:systemPort":4326,"appium:udid":"RFCT30MQVQK","platformName":"android"}]}}[39m
[38;5;123m[BaseDriver][0m Ignoring capability 'appium:platformName=ANDROID' and using capability 'platformName=android'
[38;5;123m[BaseDriver][0m The capabilities ["platformName"] are standard capabilities and do not require "appium:" prefix
[38;5;112m[Appium][0m Attempting to find matching driver for automationName 'uiautomator2' and platformName 'android'
[38;5;112m[Appium][0m The 'uiautomator2' driver was installed and matched caps.
[38;5;112m[Appium][0m Will require it at C:\Users\Administrator\.appium\node_modules\appium-uiautomator2-driver
[38;5;191m[AppiumDriver@43e5][0m Appium v2.11.3 creating new AndroidUiautomator2Driver (v3.7.9) session
[38;5;191m[AppiumDriver@43e5][0m Checking BaseDriver versions for Appium and AndroidUiautomator2Driver
[38;5;191m[AppiumDriver@43e5][0m Appium's BaseDriver version is 9.11.3
[38;5;191m[AppiumDriver@43e5][0m AndroidUiautomator2Driver's BaseDriver version is 9.11.3
[38;5;21m[f2aeeb13][0m[38;5;-159m[AndroidUiautomator2Driver@dcfa][0m Session created with session id: f2aeeb13-6f9c-418d-971c-0506d070eba1
[38;5;21m[f2aeeb13][0m[38;5;229m[ADB][0m Found 2 'build-tools' folders under 'C:\Users\Administrator\AppData\Local\Android\Sdk' (newest first):
[38;5;21m[f2aeeb13][0m[38;5;229m[ADB][0m     C:\Users\Administrator\AppData\Local\Android\Sdk\build-tools\35.0.0
[38;5;21m[f2aeeb13][0m[38;5;229m[ADB][0m     C:\Users\Administrator\AppData\Local\Android\Sdk\build-tools\34.0.0
[38;5;21m[f2aeeb13][0m[38;5;229m[ADB][0m Using 'adb.exe' from 'C:\Users\Administrator\AppData\Local\Android\Sdk\platform-tools\adb.exe'
[38;5;21m[f2aeeb13][0m[38;5;-159m[AndroidUiautomator2Driver@dcfa][0m Retrieving device list
[38;5;21m[f2aeeb13][0m[38;5;-159m[AndroidUiautomator2Driver@dcfa][0m Using device: RFCT30MQVQK
[38;5;21m[f2aeeb13][0m[38;5;229m[ADB][0m Using 'adb.exe' from 'C:\Users\Administrator\AppData\Local\Android\Sdk\platform-tools\adb.exe'
[38;5;21m[f2aeeb13][0m[38;5;123m[BaseDriver][0m Using local app 'C:\Users\Administrator\Katalon Studio\Happy Shopping Testing\Mobileapp\HappyDayShopping.apk'
[38;5;21m[f2aeeb13][0m[38;5;229m[ADB][0m Getting device platform version
[38;5;21m[f2aeeb13][0m[38;5;-159m[AndroidUiautomator2Driver@dcfa][0m Relaxing hidden api policy
[38;5;21m[f2aeeb13][0m[38;5;229m[ADB][0m Using 'aapt2.exe' from 'C:\Users\Administrator\AppData\Local\Android\Sdk\build-tools\35.0.0\aapt2.exe'
[38;5;21m[f2aeeb13][0m[38;5;229m[ADB][0m Package name: 'com.ecwid.ShopAt.HappyDayShopping'
[38;5;21m[f2aeeb13][0m[38;5;229m[ADB][0m Main activity name: 'com.pb.MainActivity'
[38;5;21m[f2aeeb13][0m[38;5;229m[ADB][0m Using 'apksigner.jar' from 'C:\Users\Administrator\AppData\Local\Android\Sdk\build-tools\35.0.0\lib\apksigner.jar'
[38;5;21m[f2aeeb13][0m[38;5;-159m[AndroidUiautomator2Driver@dcfa][0m Server packages are not going to be (re)installed
[38;5;21m[f2aeeb13][0m[38;5;229m[ADB][0m Adding packages ["io.appium.settings","io.appium.uiautomator2.server","io.appium.uiautomator2.server.test"] to Doze whitelist
[38;5;21m[f2aeeb13][0m[38;5;229m[ADB][0m 'C:\Users\Administrator\Katalon Studio\Happy Shopping Testing\Mobileapp\HappyDayShopping.apk' is signed with a non-default certificate
[38;5;21m[f2aeeb13][0m[38;5;229m[ADB][0m The application at 'C:\Users\Administrator\Katalon Studio\Happy Shopping Testing\Mobileapp\HappyDayShopping.apk' will not be cached, because the device under test has confirmed the support of streamed installs
[38;5;21m[f2aeeb13][0m[38;5;229m[ADB][0m The installation of 'HappyDayShopping.apk' took 30429ms
[38;5;21m[f2aeeb13][0m[38;5;-159m[AndroidUiautomator2Driver@dcfa][0m Starting UIAutomator2 server 7.0.24
[38;5;21m[f2aeeb13][0m[38;5;-159m[AndroidUiautomator2Driver@dcfa][0m Using UIAutomator2 server from 'C:\Users\Administrator\.appium\node_modules\appium-uiautomator2-driver\node_modules\appium-uiautomator2-server\apks\appium-uiautomator2-server-v7.0.24.apk' and test from 'C:\Users\Administrator\.appium\node_modules\appium-uiautomator2-driver\node_modules\appium-uiautomator2-server\apks\appium-uiautomator2-server-debug-androidTest.apk'
[38;5;21m[f2aeeb13][0m[38;5;-159m[AndroidUiautomator2Driver@dcfa][0m Waiting up to 30000ms for UiAutomator2 to be online...
[38;5;21m[f2aeeb13][0m[38;5;-159m[AndroidUiautomator2Driver@dcfa][0m socket hang up
[38;5;21m[f2aeeb13][0m[38;5;-159m[AndroidUiautomator2Driver@dcfa][0m socket hang up
[38;5;21m[f2aeeb13][0m[38;5;-159m[AndroidUiautomator2Driver@dcfa][0m socket hang up
[38;5;21m[f2aeeb13][0m[38;5;-159m[AndroidUiautomator2Driver@dcfa][0m socket hang up
[38;5;21m[f2aeeb13][0m[38;5;-159m[AndroidUiautomator2Driver@dcfa][0m Determined the downstream protocol as 'W3C'
[38;5;21m[f2aeeb13][0m[38;5;-159m[AndroidUiautomator2Driver@dcfa][0m Screen already unlocked, doing nothing
[38;5;21m[f2aeeb13][0m[38;5;-159m[AndroidUiautomator2Driver@dcfa][0m Starting 'com.ecwid.ShopAt.HappyDayShopping/com.pb.MainActivity and waiting for 'com.ecwid.ShopAt.HappyDayShopping/com.pb.MainActivity'
[38;5;21m[f2aeeb13][0m[38;5;191m[AppiumDriver@43e5][0m New AndroidUiautomator2Driver session created successfully, session f2aeeb13-6f9c-418d-971c-0506d070eba1 added to master session list
[38;5;21m[f2aeeb13][0m[38;5;86m[HTTP][0m [37m<-- POST /wd/hub/session [39m[32m200[39m [90m40459 ms - 1288[39m [90m[39m
[38;5;21m[f2aeeb13][0m[38;5;86m[HTTP][0m [37m-->[39m [37mGET[39m [37m/wd/hub/session/f2aeeb13-6f9c-418d-971c-0506d070eba1[39m [90m{}[39m
[38;5;21m[f2aeeb13][0m[38;5;86m[HTTP][0m [37m<-- GET /wd/hub/session/f2aeeb13-6f9c-418d-971c-0506d070eba1 [39m[32m200[39m [90m55 ms - 390[39m [90m[39m
[38;5;21m[f2aeeb13][0m[38;5;86m[HTTP][0m [37m-->[39m [37mGET[39m [37m/wd/hub/session/f2aeeb13-6f9c-418d-971c-0506d070eba1[39m [90m{}[39m
[38;5;21m[f2aeeb13][0m[38;5;86m[HTTP][0m [37m<-- GET /wd/hub/session/f2aeeb13-6f9c-418d-971c-0506d070eba1 [39m[32m200[39m [90m50 ms - 390[39m [90m[39m
[38;5;86m[HTTP][0m [37m-->[39m [37mGET[39m [37m/wd/hub/status[39m [90m{}[39m
[38;5;86m[HTTP][0m [37m<-- GET /wd/hub/status [39m[32m200[39m [90m2 ms - 111[39m [90m[39m
[38;5;21m[f2aeeb13][0m[38;5;86m[HTTP][0m [37m-->[39m [37mPOST[39m [37m/wd/hub/session/f2aeeb13-6f9c-418d-971c-0506d070eba1/timeouts[39m [90m{"implicit":60000}[39m
[38;5;21m[f2aeeb13][0m[38;5;86m[HTTP][0m [37m<-- POST /wd/hub/session/f2aeeb13-6f9c-418d-971c-0506d070eba1/timeouts [39m[32m200[39m [90m13 ms - 14[39m [90m[39m
[38;5;21m[f2aeeb13][0m[38;5;86m[HTTP][0m [37m-->[39m [37mGET[39m [37m/wd/hub/session/f2aeeb13-6f9c-418d-971c-0506d070eba1/source[39m [90m{}[39m
[38;5;21m[f2aeeb13][0m[38;5;-159m[AndroidUiautomator2Driver@dcfa][0m Driver proxy active, passing request on via HTTP proxy
[38;5;21m[f2aeeb13][0m[38;5;-159m[AndroidUiautomator2Driver@dcfa][0m Replacing sessionId 6b9b6fa2-63d5-400e-8de0-a1999059e998 with f2aeeb13-6f9c-418d-971c-0506d070eba1
[38;5;21m[f2aeeb13][0m[38;5;86m[HTTP][0m [37m<-- GET /wd/hub/session/f2aeeb13-6f9c-418d-971c-0506d070eba1/source [39m[32m200[39m [90m10370 ms - 37651[39m [90m[39m
[38;5;21m[f2aeeb13][0m[38;5;86m[HTTP][0m [37m-->[39m [37mGET[39m [37m/wd/hub/session/f2aeeb13-6f9c-418d-971c-0506d070eba1/screenshot[39m [90m{}[39m
[38;5;21m[f2aeeb13][0m[38;5;86m[HTTP][0m [37m<-- GET /wd/hub/session/f2aeeb13-6f9c-418d-971c-0506d070eba1/screenshot [39m[32m200[39m [90m1846 ms - 2308332[39m [90m[39m
[38;5;21m[f2aeeb13][0m[38;5;86m[HTTP][0m [37m-->[39m [37mDELETE[39m [37m/wd/hub/session/f2aeeb13-6f9c-418d-971c-0506d070eba1[39m [90m{}[39m
[38;5;21m[f2aeeb13][0m[38;5;191m[AppiumDriver@43e5][0m Removing session f2aeeb13-6f9c-418d-971c-0506d070eba1 from our master session list
[38;5;21m[f2aeeb13][0m[38;5;-159m[AndroidUiautomator2Driver@dcfa][0m Did not get confirmation UiAutomator2 deleteSession worked; Error was: UnknownError: An unknown server-side error occurred while processing the command. Original error: 'DELETE /' cannot be proxied to UiAutomator2 server because the instrumentation process is not running (probably crashed). Check the server log and/or the logcat output for more details
[38;5;21m[f2aeeb13][0m[38;5;-159m[AndroidUiautomator2Driver@dcfa][0m Unable to remove system port forward: Error executing adbExec. Original error: 'Command 'C:\\Users\\Administrator\\AppData\\Local\\Android\\Sdk\\platform-tools\\adb.exe -P 5037 -s RFCT30MQVQK forward --remove tcp\:4326' exited with code 1'; Command output: adb.exe: error: listener 'tcp:4326' not found

[38;5;21m[f2aeeb13][0m[38;5;-159m[AndroidUiautomator2Driver@dcfa][0m Restoring hidden api policy to the device default configuration
[38;5;21m[f2aeeb13][0m[38;5;86m[HTTP][0m [37m<-- DELETE /wd/hub/session/f2aeeb13-6f9c-418d-971c-0506d070eba1 [39m[32m200[39m [90m414 ms - 14[39m [90m[39m
